{"J:\\AG-WarZone\\H2S-PW-Challenge-JB\\playwright.config.ts": {"path":"J:\\AG-WarZone\\H2S-PW-Challenge-JB\\playwright.config.ts","all":true,"statementMap":{"0":{"start":{"line":1,"column":0},"end":{"line":1,"column":48}},"2":{"start":{"line":3,"column":0},"end":{"line":3,"column":29}},"3":{"start":{"line":4,"column":0},"end":{"line":4,"column":29}},"4":{"start":{"line":5,"column":0},"end":{"line":5,"column":8}},"5":{"start":{"line":6,"column":0},"end":{"line":6,"column":37}},"6":{"start":{"line":7,"column":0},"end":{"line":7,"column":34}},"7":{"start":{"line":8,"column":0},"end":{"line":8,"column":4}},"8":{"start":{"line":9,"column":0},"end":{"line":9,"column":14}},"9":{"start":{"line":10,"column":0},"end":{"line":10,"column":27}},"10":{"start":{"line":11,"column":0},"end":{"line":11,"column":33}},"11":{"start":{"line":12,"column":0},"end":{"line":12,"column":41}},"12":{"start":{"line":13,"column":0},"end":{"line":13,"column":4}},"13":{"start":{"line":14,"column":0},"end":{"line":14,"column":3}}},"s":{"0":0,"2":0,"3":0,"4":0,"5":0,"6":0,"7":0,"8":0,"9":0,"10":0,"11":0,"12":0,"13":0},"branchMap":{"0":{"type":"branch","line":1,"loc":{"start":{"line":1,"column":0},"end":{"line":14,"column":-96}},"locations":[{"start":{"line":1,"column":0},"end":{"line":14,"column":-96}}]}},"b":{"0":[0]},"fnMap":{"0":{"name":"(empty-report)","decl":{"start":{"line":1,"column":0},"end":{"line":14,"column":-96}},"loc":{"start":{"line":1,"column":0},"end":{"line":14,"column":-96}},"line":1}},"f":{"0":0}}
,"J:\\AG-WarZone\\H2S-PW-Challenge-JB\\src\\main.ts": {"path":"J:\\AG-WarZone\\H2S-PW-Challenge-JB\\src\\main.ts","all":true,"statementMap":{"0":{"start":{"line":1,"column":0},"end":{"line":1,"column":25}},"1":{"start":{"line":2,"column":0},"end":{"line":2,"column":47}},"2":{"start":{"line":3,"column":0},"end":{"line":3,"column":51}},"4":{"start":{"line":5,"column":0},"end":{"line":5,"column":51}},"6":{"start":{"line":7,"column":0},"end":{"line":7,"column":43}},"7":{"start":{"line":8,"column":0},"end":{"line":8,"column":42}},"9":{"start":{"line":10,"column":0},"end":{"line":10,"column":21}},"20":{"start":{"line":21,"column":0},"end":{"line":21,"column":17}},"25":{"start":{"line":26,"column":0},"end":{"line":26,"column":10}},"26":{"start":{"line":27,"column":0},"end":{"line":27,"column":31}},"27":{"start":{"line":28,"column":0},"end":{"line":28,"column":52}},"28":{"start":{"line":29,"column":0},"end":{"line":29,"column":34}},"29":{"start":{"line":30,"column":0},"end":{"line":30,"column":31}},"31":{"start":{"line":32,"column":0},"end":{"line":32,"column":31}},"32":{"start":{"line":33,"column":0},"end":{"line":33,"column":35}},"33":{"start":{"line":34,"column":0},"end":{"line":34,"column":34}},"34":{"start":{"line":35,"column":0},"end":{"line":35,"column":6}},"36":{"start":{"line":37,"column":0},"end":{"line":37,"column":33}},"37":{"start":{"line":38,"column":0},"end":{"line":38,"column":37}},"38":{"start":{"line":39,"column":0},"end":{"line":39,"column":36}},"39":{"start":{"line":40,"column":0},"end":{"line":40,"column":6}},"41":{"start":{"line":42,"column":0},"end":{"line":42,"column":39}},"42":{"start":{"line":43,"column":0},"end":{"line":43,"column":53}},"43":{"start":{"line":44,"column":0},"end":{"line":44,"column":93}},"44":{"start":{"line":45,"column":0},"end":{"line":45,"column":107}},"45":{"start":{"line":46,"column":0},"end":{"line":46,"column":11}},"46":{"start":{"line":47,"column":0},"end":{"line":47,"column":6}},"48":{"start":{"line":49,"column":0},"end":{"line":49,"column":84}},"49":{"start":{"line":50,"column":0},"end":{"line":50,"column":88}},"52":{"start":{"line":53,"column":0},"end":{"line":53,"column":18}},"53":{"start":{"line":54,"column":0},"end":{"line":54,"column":1}}},"s":{"0":0,"1":0,"2":0,"4":0,"6":0,"7":0,"9":0,"20":0,"25":0,"26":0,"27":0,"28":0,"29":0,"31":0,"32":0,"33":0,"34":0,"36":0,"37":0,"38":0,"39":0,"41":0,"42":0,"43":0,"44":0,"45":0,"46":0,"48":0,"49":0,"52":0,"53":0},"branchMap":{"0":{"type":"branch","line":1,"loc":{"start":{"line":1,"column":0},"end":{"line":54,"column":-152}},"locations":[{"start":{"line":1,"column":0},"end":{"line":54,"column":-152}}]}},"b":{"0":[0]},"fnMap":{"0":{"name":"(empty-report)","decl":{"start":{"line":1,"column":0},"end":{"line":54,"column":-152}},"loc":{"start":{"line":1,"column":0},"end":{"line":54,"column":-152}},"line":1}},"f":{"0":0}}
,"J:\\AG-WarZone\\H2S-PW-Challenge-JB\\src\\app\\api\\reports\\route.ts": {"path":"J:\\AG-WarZone\\H2S-PW-Challenge-JB\\src\\app\\api\\reports\\route.ts","all":false,"statementMap":{"0":{"start":{"line":1,"column":0},"end":{"line":1,"column":69}},"4":{"start":{"line":5,"column":0},"end":{"line":5,"column":46}},"5":{"start":{"line":6,"column":0},"end":{"line":6,"column":7}},"6":{"start":{"line":7,"column":0},"end":{"line":7,"column":38}},"7":{"start":{"line":8,"column":0},"end":{"line":8,"column":54}},"9":{"start":{"line":10,"column":0},"end":{"line":10,"column":26}},"10":{"start":{"line":11,"column":0},"end":{"line":11,"column":43}},"11":{"start":{"line":12,"column":0},"end":{"line":12,"column":24}},"12":{"start":{"line":13,"column":0},"end":{"line":13,"column":35}},"13":{"start":{"line":14,"column":0},"end":{"line":14,"column":27}},"14":{"start":{"line":15,"column":0},"end":{"line":15,"column":5}},"16":{"start":{"line":17,"column":0},"end":{"line":17,"column":41}},"19":{"start":{"line":20,"column":0},"end":{"line":20,"column":20}},"22":{"start":{"line":23,"column":0},"end":{"line":23,"column":8}},"23":{"start":{"line":24,"column":0},"end":{"line":24,"column":15}},"24":{"start":{"line":25,"column":0},"end":{"line":25,"column":29}},"25":{"start":{"line":26,"column":0},"end":{"line":26,"column":28}},"26":{"start":{"line":27,"column":0},"end":{"line":27,"column":27}},"27":{"start":{"line":28,"column":0},"end":{"line":28,"column":37}},"28":{"start":{"line":29,"column":0},"end":{"line":29,"column":7}},"30":{"start":{"line":31,"column":0},"end":{"line":31,"column":36}},"32":{"start":{"line":33,"column":0},"end":{"line":33,"column":40}},"33":{"start":{"line":34,"column":0},"end":{"line":34,"column":20}},"34":{"start":{"line":35,"column":0},"end":{"line":35,"column":15}},"35":{"start":{"line":36,"column":0},"end":{"line":36,"column":23}},"36":{"start":{"line":37,"column":0},"end":{"line":37,"column":25}},"38":{"start":{"line":39,"column":0},"end":{"line":39,"column":19}},"39":{"start":{"line":40,"column":0},"end":{"line":40,"column":41}},"40":{"start":{"line":41,"column":0},"end":{"line":41,"column":22}},"41":{"start":{"line":42,"column":0},"end":{"line":42,"column":37}},"42":{"start":{"line":43,"column":0},"end":{"line":43,"column":25}},"43":{"start":{"line":44,"column":0},"end":{"line":44,"column":3}},"44":{"start":{"line":45,"column":0},"end":{"line":45,"column":1}},"46":{"start":{"line":47,"column":0},"end":{"line":47,"column":46}},"47":{"start":{"line":48,"column":0},"end":{"line":48,"column":7}},"50":{"start":{"line":51,"column":0},"end":{"line":51,"column":98}},"51":{"start":{"line":52,"column":0},"end":{"line":52,"column":91}},"53":{"start":{"line":54,"column":0},"end":{"line":54,"column":40}},"54":{"start":{"line":55,"column":0},"end":{"line":55,"column":28}},"55":{"start":{"line":56,"column":0},"end":{"line":56,"column":37}},"56":{"start":{"line":57,"column":0},"end":{"line":57,"column":25}},"57":{"start":{"line":58,"column":0},"end":{"line":58,"column":19}},"58":{"start":{"line":59,"column":0},"end":{"line":59,"column":41}},"59":{"start":{"line":60,"column":0},"end":{"line":60,"column":22}},"60":{"start":{"line":61,"column":0},"end":{"line":61,"column":37}},"61":{"start":{"line":62,"column":0},"end":{"line":62,"column":25}},"62":{"start":{"line":63,"column":0},"end":{"line":63,"column":3}},"63":{"start":{"line":64,"column":0},"end":{"line":64,"column":1}}},"s":{"0":1,"4":2,"5":2,"6":2,"7":2,"9":2,"10":1,"11":1,"12":1,"13":1,"14":1,"16":1,"19":1,"22":1,"23":1,"24":1,"25":1,"26":1,"27":1,"28":2,"30":1,"32":1,"33":1,"34":1,"35":1,"36":1,"38":2,"39":0,"40":0,"41":0,"42":0,"43":0,"44":2,"46":2,"47":2,"50":2,"51":1,"53":1,"54":1,"55":1,"56":1,"57":1,"58":1,"59":1,"60":1,"61":1,"62":1,"63":2},"branchMap":{"0":{"type":"branch","line":5,"loc":{"start":{"line":5,"column":0},"end":{"line":45,"column":1}},"locations":[{"start":{"line":5,"column":0},"end":{"line":45,"column":1}}]},"1":{"type":"branch","line":10,"loc":{"start":{"line":10,"column":25},"end":{"line":28,"column":37}},"locations":[{"start":{"line":10,"column":25},"end":{"line":28,"column":37}}]},"2":{"type":"branch","line":29,"loc":{"start":{"line":29,"column":5},"end":{"line":39,"column":11}},"locations":[{"start":{"line":29,"column":5},"end":{"line":39,"column":11}}]},"3":{"type":"branch","line":39,"loc":{"start":{"line":39,"column":2},"end":{"line":44,"column":3}},"locations":[{"start":{"line":39,"column":2},"end":{"line":44,"column":3}}]},"4":{"type":"branch","line":47,"loc":{"start":{"line":47,"column":0},"end":{"line":64,"column":1}},"locations":[{"start":{"line":47,"column":0},"end":{"line":64,"column":1}}]},"5":{"type":"branch","line":51,"loc":{"start":{"line":51,"column":96},"end":{"line":63,"column":3}},"locations":[{"start":{"line":51,"column":96},"end":{"line":63,"column":3}}]}},"b":{"0":[2],"1":[1],"2":[1],"3":[0],"4":[2],"5":[1]},"fnMap":{"0":{"name":"POST","decl":{"start":{"line":5,"column":0},"end":{"line":45,"column":1}},"loc":{"start":{"line":5,"column":0},"end":{"line":45,"column":1}},"line":5},"1":{"name":"GET","decl":{"start":{"line":47,"column":0},"end":{"line":64,"column":1}},"loc":{"start":{"line":47,"column":0},"end":{"line":64,"column":1}},"line":47}},"f":{"0":2,"1":2}}
,"J:\\AG-WarZone\\H2S-PW-Challenge-JB\\src\\lib\\db.ts": {"path":"J:\\AG-WarZone\\H2S-PW-Challenge-JB\\src\\lib\\db.ts","all":false,"statementMap":{"0":{"start":{"line":1,"column":0},"end":{"line":1,"column":19}},"2":{"start":{"line":3,"column":0},"end":{"line":3,"column":48}},"3":{"start":{"line":4,"column":0},"end":{"line":4,"column":24}},"4":{"start":{"line":5,"column":0},"end":{"line":5,"column":3}},"5":{"start":{"line":6,"column":0},"end":{"line":6,"column":2}}},"s":{"0":1,"2":1,"3":4,"4":4,"5":1},"branchMap":{"0":{"type":"branch","line":3,"loc":{"start":{"line":3,"column":9},"end":{"line":5,"column":3}},"locations":[{"start":{"line":3,"column":9},"end":{"line":5,"column":3}}]}},"b":{"0":[4]},"fnMap":{"0":{"name":"query","decl":{"start":{"line":3,"column":9},"end":{"line":5,"column":3}},"loc":{"start":{"line":3,"column":9},"end":{"line":5,"column":3}},"line":3}},"f":{"0":4}}
,"J:\\AG-WarZone\\H2S-PW-Challenge-JB\\src\\lib\\validations\\report.ts": {"path":"J:\\AG-WarZone\\H2S-PW-Challenge-JB\\src\\lib\\validations\\report.ts","all":false,"statementMap":{"0":{"start":{"line":1,"column":0},"end":{"line":1,"column":24}},"2":{"start":{"line":3,"column":0},"end":{"line":3,"column":44}},"3":{"start":{"line":4,"column":0},"end":{"line":4,"column":32}},"4":{"start":{"line":5,"column":0},"end":{"line":5,"column":40}},"5":{"start":{"line":6,"column":0},"end":{"line":6,"column":43}},"6":{"start":{"line":7,"column":0},"end":{"line":7,"column":44}},"7":{"start":{"line":8,"column":0},"end":{"line":8,"column":37}},"8":{"start":{"line":9,"column":0},"end":{"line":9,"column":52}},"9":{"start":{"line":10,"column":0},"end":{"line":10,"column":3}}},"s":{"0":1,"2":1,"3":1,"4":1,"5":1,"6":1,"7":1,"8":1,"9":1},"branchMap":{},"b":{},"fnMap":{},"f":{}}
,"J:\\AG-WarZone\\H2S-PW-Challenge-JB\\src\\services\\reports.ts": {"path":"J:\\AG-WarZone\\H2S-PW-Challenge-JB\\src\\services\\reports.ts","all":false,"statementMap":{"0":{"start":{"line":1,"column":0},"end":{"line":1,"column":24}},"3":{"start":{"line":4,"column":0},"end":{"line":4,"column":38}},"4":{"start":{"line":5,"column":0},"end":{"line":5,"column":35}},"5":{"start":{"line":6,"column":0},"end":{"line":6,"column":37}},"6":{"start":{"line":7,"column":0},"end":{"line":7,"column":32}},"7":{"start":{"line":8,"column":0},"end":{"line":8,"column":47}},"8":{"start":{"line":9,"column":0},"end":{"line":9,"column":3}},"17":{"start":{"line":18,"column":0},"end":{"line":18,"column":101}},"19":{"start":{"line":20,"column":0},"end":{"line":20,"column":46}},"23":{"start":{"line":24,"column":0},"end":{"line":24,"column":26}},"24":{"start":{"line":25,"column":0},"end":{"line":25,"column":48}},"25":{"start":{"line":26,"column":0},"end":{"line":26,"column":17}},"26":{"start":{"line":27,"column":0},"end":{"line":27,"column":27}},"27":{"start":{"line":28,"column":0},"end":{"line":28,"column":4}},"29":{"start":{"line":30,"column":0},"end":{"line":30,"column":10}},"30":{"start":{"line":31,"column":0},"end":{"line":31,"column":18}},"31":{"start":{"line":32,"column":0},"end":{"line":32,"column":17}},"32":{"start":{"line":33,"column":0},"end":{"line":33,"column":4}},"33":{"start":{"line":34,"column":0},"end":{"line":34,"column":1}}},"s":{"0":1,"3":1,"4":1,"5":1,"6":1,"7":1,"8":1,"17":5,"19":5,"23":5,"24":5,"25":5,"26":5,"27":5,"29":5,"30":5,"31":5,"32":5,"33":5},"branchMap":{"0":{"type":"branch","line":18,"loc":{"start":{"line":18,"column":0},"end":{"line":34,"column":1}},"locations":[{"start":{"line":18,"column":0},"end":{"line":34,"column":1}}]}},"b":{"0":[5]},"fnMap":{"0":{"name":"submitReport","decl":{"start":{"line":18,"column":0},"end":{"line":34,"column":1}},"loc":{"start":{"line":18,"column":0},"end":{"line":34,"column":1}},"line":18}},"f":{"0":5}}
,"J:\\AG-WarZone\\H2S-PW-Challenge-JB\\src\\services\\triage.ts": {"path":"J:\\AG-WarZone\\H2S-PW-Challenge-JB\\src\\services\\triage.ts","all":false,"statementMap":{"15":{"start":{"line":16,"column":0},"end":{"line":16,"column":98}},"16":{"start":{"line":17,"column":0},"end":{"line":17,"column":45}},"17":{"start":{"line":18,"column":0},"end":{"line":18,"column":38}},"18":{"start":{"line":19,"column":0},"end":{"line":19,"column":38}},"19":{"start":{"line":20,"column":0},"end":{"line":20,"column":49}},"20":{"start":{"line":21,"column":0},"end":{"line":21,"column":49}},"22":{"start":{"line":23,"column":0},"end":{"line":23,"column":49}},"23":{"start":{"line":24,"column":0},"end":{"line":24,"column":33}},"24":{"start":{"line":25,"column":0},"end":{"line":25,"column":40}},"25":{"start":{"line":26,"column":0},"end":{"line":26,"column":59}},"27":{"start":{"line":28,"column":0},"end":{"line":28,"column":15}},"28":{"start":{"line":29,"column":0},"end":{"line":29,"column":1}},"30":{"start":{"line":31,"column":0},"end":{"line":31,"column":34}},"31":{"start":{"line":32,"column":0},"end":{"line":32,"column":20}},"32":{"start":{"line":33,"column":0},"end":{"line":33,"column":21}},"33":{"start":{"line":34,"column":0},"end":{"line":34,"column":38}},"34":{"start":{"line":35,"column":0},"end":{"line":35,"column":26}},"35":{"start":{"line":36,"column":0},"end":{"line":36,"column":25}},"36":{"start":{"line":37,"column":0},"end":{"line":37,"column":71}},"39":{"start":{"line":40,"column":0},"end":{"line":40,"column":47}},"40":{"start":{"line":41,"column":0},"end":{"line":41,"column":55}},"41":{"start":{"line":42,"column":0},"end":{"line":42,"column":69}},"42":{"start":{"line":43,"column":0},"end":{"line":43,"column":80}},"44":{"start":{"line":45,"column":0},"end":{"line":45,"column":61}},"45":{"start":{"line":46,"column":0},"end":{"line":46,"column":5}},"47":{"start":{"line":48,"column":0},"end":{"line":48,"column":10}},"48":{"start":{"line":49,"column":0},"end":{"line":49,"column":49}},"49":{"start":{"line":50,"column":0},"end":{"line":50,"column":40}},"50":{"start":{"line":51,"column":0},"end":{"line":51,"column":4}},"51":{"start":{"line":52,"column":0},"end":{"line":52,"column":1}}},"s":{"15":60,"16":60,"17":60,"18":60,"19":60,"20":60,"22":60,"23":60,"24":60,"25":60,"27":60,"28":60,"30":6,"31":6,"32":6,"33":6,"34":6,"35":6,"36":6,"39":6,"40":60,"41":60,"42":60,"44":60,"45":6,"47":6,"48":6,"49":6,"50":6,"51":6},"branchMap":{"0":{"type":"branch","line":16,"loc":{"start":{"line":16,"column":0},"end":{"line":29,"column":1}},"locations":[{"start":{"line":16,"column":0},"end":{"line":29,"column":1}}]},"1":{"type":"branch","line":31,"loc":{"start":{"line":31,"column":0},"end":{"line":52,"column":1}},"locations":[{"start":{"line":31,"column":0},"end":{"line":52,"column":1}}]},"2":{"type":"branch","line":40,"loc":{"start":{"line":40,"column":41},"end":{"line":46,"column":3}},"locations":[{"start":{"line":40,"column":41},"end":{"line":46,"column":3}}]},"3":{"type":"branch","line":45,"loc":{"start":{"line":45,"column":29},"end":{"line":45,"column":61}},"locations":[{"start":{"line":45,"column":29},"end":{"line":45,"column":61}}]}},"b":{"0":[60],"1":[6],"2":[60],"3":[50]},"fnMap":{"0":{"name":"getDistance","decl":{"start":{"line":16,"column":0},"end":{"line":29,"column":1}},"loc":{"start":{"line":16,"column":0},"end":{"line":29,"column":1}},"line":16},"1":{"name":"checkTriage","decl":{"start":{"line":31,"column":0},"end":{"line":52,"column":1}},"loc":{"start":{"line":31,"column":0},"end":{"line":52,"column":1}},"line":31}},"f":{"0":60,"1":6}}
,"J:\\AG-WarZone\\H2S-PW-Challenge-JB\\src\\ui\\citizen.ts": {"path":"J:\\AG-WarZone\\H2S-PW-Challenge-JB\\src\\ui\\citizen.ts","all":false,"statementMap":{"0":{"start":{"line":1,"column":0},"end":{"line":1,"column":63}},"2":{"start":{"line":3,"column":0},"end":{"line":3,"column":57}},"3":{"start":{"line":4,"column":0},"end":{"line":4,"column":17}},"4":{"start":{"line":5,"column":0},"end":{"line":5,"column":30}},"6":{"start":{"line":7,"column":0},"end":{"line":7,"column":24}},"7":{"start":{"line":8,"column":0},"end":{"line":8,"column":55}},"8":{"start":{"line":9,"column":0},"end":{"line":9,"column":62}},"9":{"start":{"line":10,"column":0},"end":{"line":10,"column":53}},"10":{"start":{"line":11,"column":0},"end":{"line":11,"column":52}},"11":{"start":{"line":12,"column":0},"end":{"line":12,"column":6}},"13":{"start":{"line":14,"column":0},"end":{"line":14,"column":27}},"14":{"start":{"line":15,"column":0},"end":{"line":15,"column":31}},"16":{"start":{"line":17,"column":0},"end":{"line":17,"column":31}},"19":{"start":{"line":20,"column":0},"end":{"line":20,"column":26}},"20":{"start":{"line":21,"column":0},"end":{"line":21,"column":5}},"22":{"start":{"line":23,"column":0},"end":{"line":23,"column":27}},"23":{"start":{"line":24,"column":0},"end":{"line":24,"column":25}},"24":{"start":{"line":25,"column":0},"end":{"line":25,"column":20}},"29":{"start":{"line":30,"column":0},"end":{"line":30,"column":47}},"30":{"start":{"line":31,"column":0},"end":{"line":31,"column":88}},"31":{"start":{"line":32,"column":0},"end":{"line":32,"column":76}},"32":{"start":{"line":33,"column":0},"end":{"line":33,"column":54}},"34":{"start":{"line":35,"column":0},"end":{"line":35,"column":36}},"38":{"start":{"line":39,"column":0},"end":{"line":39,"column":32}},"39":{"start":{"line":40,"column":0},"end":{"line":40,"column":20}},"46":{"start":{"line":47,"column":0},"end":{"line":47,"column":99}},"53":{"start":{"line":54,"column":0},"end":{"line":54,"column":16}},"54":{"start":{"line":55,"column":0},"end":{"line":55,"column":20}},"62":{"start":{"line":63,"column":0},"end":{"line":63,"column":9}},"63":{"start":{"line":64,"column":0},"end":{"line":64,"column":5}},"65":{"start":{"line":66,"column":0},"end":{"line":66,"column":32}},"66":{"start":{"line":67,"column":0},"end":{"line":67,"column":25}},"67":{"start":{"line":68,"column":0},"end":{"line":68,"column":74}},"68":{"start":{"line":69,"column":0},"end":{"line":69,"column":54}},"69":{"start":{"line":70,"column":0},"end":{"line":70,"column":76}},"70":{"start":{"line":71,"column":0},"end":{"line":71,"column":29}},"71":{"start":{"line":72,"column":0},"end":{"line":72,"column":33}},"72":{"start":{"line":73,"column":0},"end":{"line":73,"column":19}},"73":{"start":{"line":74,"column":0},"end":{"line":74,"column":15}},"74":{"start":{"line":75,"column":0},"end":{"line":75,"column":32}},"75":{"start":{"line":76,"column":0},"end":{"line":76,"column":84}},"76":{"start":{"line":77,"column":0},"end":{"line":77,"column":25}},"77":{"start":{"line":78,"column":0},"end":{"line":78,"column":29}},"78":{"start":{"line":79,"column":0},"end":{"line":79,"column":15}},"79":{"start":{"line":80,"column":0},"end":{"line":80,"column":84}},"80":{"start":{"line":81,"column":0},"end":{"line":81,"column":25}},"81":{"start":{"line":82,"column":0},"end":{"line":82,"column":29}},"82":{"start":{"line":83,"column":0},"end":{"line":83,"column":15}},"83":{"start":{"line":84,"column":0},"end":{"line":84,"column":32}},"84":{"start":{"line":85,"column":0},"end":{"line":85,"column":94}},"85":{"start":{"line":86,"column":0},"end":{"line":86,"column":100}},"88":{"start":{"line":89,"column":0},"end":{"line":89,"column":33}},"89":{"start":{"line":90,"column":0},"end":{"line":90,"column":84}},"90":{"start":{"line":91,"column":0},"end":{"line":91,"column":47}},"91":{"start":{"line":92,"column":0},"end":{"line":92,"column":49}},"92":{"start":{"line":93,"column":0},"end":{"line":93,"column":37}},"93":{"start":{"line":94,"column":0},"end":{"line":94,"column":18}},"95":{"start":{"line":96,"column":0},"end":{"line":96,"column":68}},"96":{"start":{"line":97,"column":0},"end":{"line":97,"column":36}},"97":{"start":{"line":98,"column":0},"end":{"line":98,"column":43}},"107":{"start":{"line":108,"column":0},"end":{"line":108,"column":88}},"108":{"start":{"line":109,"column":0},"end":{"line":109,"column":33}},"109":{"start":{"line":110,"column":0},"end":{"line":110,"column":37}},"110":{"start":{"line":111,"column":0},"end":{"line":111,"column":23}},"111":{"start":{"line":112,"column":0},"end":{"line":112,"column":24}},"112":{"start":{"line":113,"column":0},"end":{"line":113,"column":85}},"113":{"start":{"line":114,"column":0},"end":{"line":114,"column":17}},"114":{"start":{"line":115,"column":0},"end":{"line":115,"column":15}},"115":{"start":{"line":116,"column":0},"end":{"line":116,"column":82}},"116":{"start":{"line":117,"column":0},"end":{"line":117,"column":25}},"117":{"start":{"line":118,"column":0},"end":{"line":118,"column":29}},"118":{"start":{"line":119,"column":0},"end":{"line":119,"column":15}},"119":{"start":{"line":120,"column":0},"end":{"line":120,"column":9}},"120":{"start":{"line":121,"column":0},"end":{"line":121,"column":5}},"122":{"start":{"line":123,"column":0},"end":{"line":123,"column":17}},"123":{"start":{"line":124,"column":0},"end":{"line":124,"column":1}}},"s":{"0":1,"2":1,"3":4,"4":4,"6":4,"7":4,"8":4,"9":4,"10":4,"11":4,"13":4,"14":9,"16":9,"19":9,"20":9,"22":4,"23":9,"24":4,"29":4,"30":16,"31":16,"32":16,"34":4,"38":9,"39":3,"46":3,"53":5,"54":2,"62":2,"63":9,"65":4,"66":9,"67":4,"68":16,"69":3,"70":3,"71":3,"72":16,"73":4,"74":9,"75":3,"76":2,"77":2,"78":3,"79":3,"80":0,"81":0,"82":3,"83":5,"84":2,"85":1,"88":1,"89":1,"90":1,"91":1,"92":1,"93":1,"95":1,"96":1,"97":1,"107":1,"108":0,"109":0,"110":1,"111":1,"112":0,"113":0,"114":2,"115":2,"116":0,"117":0,"118":2,"119":2,"120":9,"122":4,"123":4},"branchMap":{"0":{"type":"branch","line":3,"loc":{"start":{"line":3,"column":7},"end":{"line":124,"column":1}},"locations":[{"start":{"line":3,"column":7},"end":{"line":124,"column":1}}]},"1":{"type":"branch","line":14,"loc":{"start":{"line":14,"column":4},"end":{"line":21,"column":5}},"locations":[{"start":{"line":14,"column":4},"end":{"line":21,"column":5}}]},"2":{"type":"branch","line":23,"loc":{"start":{"line":23,"column":4},"end":{"line":64,"column":5}},"locations":[{"start":{"line":23,"column":4},"end":{"line":64,"column":5}}]},"3":{"type":"branch","line":24,"loc":{"start":{"line":24,"column":24},"end":{"line":39,"column":19}},"locations":[{"start":{"line":24,"column":24},"end":{"line":39,"column":19}}]},"4":{"type":"branch","line":39,"loc":{"start":{"line":39,"column":8},"end":{"line":63,"column":9}},"locations":[{"start":{"line":39,"column":8},"end":{"line":63,"column":9}}]},"5":{"type":"branch","line":39,"loc":{"start":{"line":39,"column":31},"end":{"line":54,"column":15}},"locations":[{"start":{"line":39,"column":31},"end":{"line":54,"column":15}}]},"6":{"type":"branch","line":54,"loc":{"start":{"line":54,"column":8},"end":{"line":63,"column":9}},"locations":[{"start":{"line":54,"column":8},"end":{"line":63,"column":9}}]},"7":{"type":"branch","line":30,"loc":{"start":{"line":30,"column":41},"end":{"line":33,"column":54}},"locations":[{"start":{"line":30,"column":41},"end":{"line":33,"column":54}}]},"8":{"type":"branch","line":66,"loc":{"start":{"line":66,"column":4},"end":{"line":121,"column":5}},"locations":[{"start":{"line":66,"column":4},"end":{"line":121,"column":5}}]},"9":{"type":"branch","line":67,"loc":{"start":{"line":67,"column":24},"end":{"line":75,"column":19}},"locations":[{"start":{"line":67,"column":24},"end":{"line":75,"column":19}}]},"10":{"type":"branch","line":75,"loc":{"start":{"line":75,"column":8},"end":{"line":120,"column":9}},"locations":[{"start":{"line":75,"column":8},"end":{"line":120,"column":9}}]},"11":{"type":"branch","line":75,"loc":{"start":{"line":75,"column":31},"end":{"line":84,"column":19}},"locations":[{"start":{"line":75,"column":31},"end":{"line":84,"column":19}}]},"12":{"type":"branch","line":84,"loc":{"start":{"line":84,"column":8},"end":{"line":120,"column":9}},"locations":[{"start":{"line":84,"column":8},"end":{"line":120,"column":9}}]},"13":{"type":"branch","line":68,"loc":{"start":{"line":68,"column":65},"end":{"line":74,"column":13}},"locations":[{"start":{"line":68,"column":65},"end":{"line":74,"column":13}}]},"14":{"type":"branch","line":69,"loc":{"start":{"line":69,"column":47},"end":{"line":73,"column":17}},"locations":[{"start":{"line":69,"column":47},"end":{"line":73,"column":17}}]},"15":{"type":"branch","line":70,"loc":{"start":{"line":70,"column":68},"end":{"line":70,"column":76}},"locations":[{"start":{"line":70,"column":68},"end":{"line":70,"column":76}}]},"16":{"type":"branch","line":76,"loc":{"start":{"line":76,"column":77},"end":{"line":79,"column":13}},"locations":[{"start":{"line":76,"column":77},"end":{"line":79,"column":13}}]},"17":{"type":"branch","line":85,"loc":{"start":{"line":85,"column":81},"end":{"line":115,"column":13}},"locations":[{"start":{"line":85,"column":81},"end":{"line":115,"column":13}}]},"18":{"type":"branch","line":112,"loc":{"start":{"line":112,"column":16},"end":{"line":114,"column":17}},"locations":[{"start":{"line":112,"column":16},"end":{"line":114,"column":17}}]}},"b":{"0":[4],"1":[9],"2":[9],"3":[4],"4":[5],"5":[3],"6":[2],"7":[16],"8":[9],"9":[4],"10":[5],"11":[3],"12":[2],"13":[16],"14":[3],"15":[0],"16":[2],"17":[1],"18":[0]},"fnMap":{"0":{"name":"renderCitizenUI","decl":{"start":{"line":3,"column":7},"end":{"line":124,"column":1}},"loc":{"start":{"line":3,"column":7},"end":{"line":124,"column":1}},"line":3},"1":{"name":"updateView","decl":{"start":{"line":14,"column":4},"end":{"line":21,"column":5}},"loc":{"start":{"line":14,"column":4},"end":{"line":21,"column":5}},"line":14},"2":{"name":"renderStep","decl":{"start":{"line":23,"column":4},"end":{"line":64,"column":5}},"loc":{"start":{"line":23,"column":4},"end":{"line":64,"column":5}},"line":23},"3":{"name":"attachListeners","decl":{"start":{"line":66,"column":4},"end":{"line":121,"column":5}},"loc":{"start":{"line":66,"column":4},"end":{"line":121,"column":5}},"line":66}},"f":{"0":4,"1":9,"2":9,"3":9}}
,"J:\\AG-WarZone\\H2S-PW-Challenge-JB\\src\\ui\\dashboard.ts": {"path":"J:\\AG-WarZone\\H2S-PW-Challenge-JB\\src\\ui\\dashboard.ts","all":false,"statementMap":{"0":{"start":{"line":1,"column":0},"end":{"line":1,"column":59}},"1":{"start":{"line":2,"column":0},"end":{"line":2,"column":27}},"2":{"start":{"line":3,"column":0},"end":{"line":3,"column":31}},"46":{"start":{"line":47,"column":0},"end":{"line":47,"column":5}},"48":{"start":{"line":49,"column":0},"end":{"line":49,"column":17}},"49":{"start":{"line":50,"column":0},"end":{"line":50,"column":1}}},"s":{"0":1,"1":4,"2":4,"46":4,"48":4,"49":4},"branchMap":{"0":{"type":"branch","line":1,"loc":{"start":{"line":1,"column":7},"end":{"line":50,"column":1}},"locations":[{"start":{"line":1,"column":7},"end":{"line":50,"column":1}}]},"1":{"type":"branch","line":2,"loc":{"start":{"line":2,"column":4},"end":{"line":47,"column":5}},"locations":[{"start":{"line":2,"column":4},"end":{"line":47,"column":5}}]}},"b":{"0":[4],"1":[4]},"fnMap":{"0":{"name":"renderDashboardUI","decl":{"start":{"line":1,"column":7},"end":{"line":50,"column":1}},"loc":{"start":{"line":1,"column":7},"end":{"line":50,"column":1}},"line":1},"1":{"name":"updateView","decl":{"start":{"line":2,"column":4},"end":{"line":47,"column":5}},"loc":{"start":{"line":2,"column":4},"end":{"line":47,"column":5}},"line":2}},"f":{"0":4,"1":4}}
}
